<?xml version="1.0" encoding="UTF-8"?>
<!-- Generated by org.testng.reporters.JUnitXMLReporter -->
<testsuite ignored="0" hostname="DESKTOP-QMEBHNC" failures="0" tests="3" name="Nopackage" time="15.513" errors="0" timestamp="2024-04-18T22:14:17 MESZ">
  <testcase classname="com.herokuapp.tests.AlertsTests" name="alertJS" time="0.262"/>
  <testcase classname="com.herokuapp.tests.AlertsTests" name="alertJSConfirm" time="0.193"/>
  <testcase classname="com.herokuapp.tests.AlertsTests" name="alertJSPromt" time="0.207"/>
</testsuite> <!-- Nopackage -->
