<?xml version="1.0" encoding="UTF-8"?>
<testng-results ignored="0" total="3" passed="3" failed="0" skipped="0">
  <reporter-output>
  </reporter-output>
  <suite started-at="2024-04-18T22:14:02 MESZ" name="Smoky" finished-at="2024-04-18T22:14:17 MESZ" duration-ms="15513">
    <groups>
    </groups>
    <test started-at="2024-04-18T22:14:02 MESZ" name="Nopackage" finished-at="2024-04-18T22:14:17 MESZ" duration-ms="15513">
      <class name="com.herokuapp.tests.AlertsTests">
        <test-method is-config="true" signature="init()[pri:0, instance:com.herokuapp.tests.AlertsTests@3d1cfad4]" started-at="2024-04-18T22:14:02 MESZ" name="init" finished-at="2024-04-18T22:14:07 MESZ" duration-ms="5267" status="PASS">
          <reporter-output>
          </reporter-output>
        </test-method> <!-- init -->
        <test-method is-config="true" signature="precondition()[pri:0, instance:com.herokuapp.tests.AlertsTests@3d1cfad4]" started-at="2024-04-18T22:14:07 MESZ" name="precondition" finished-at="2024-04-18T22:14:07 MESZ" duration-ms="470" status="PASS">
          <reporter-output>
          </reporter-output>
        </test-method> <!-- precondition -->
        <test-method signature="alertJS()[pri:0, instance:com.herokuapp.tests.AlertsTests@3d1cfad4]" started-at="2024-04-18T22:14:07 MESZ" name="alertJS" finished-at="2024-04-18T22:14:08 MESZ" duration-ms="262" status="PASS">
          <reporter-output>
          </reporter-output>
        </test-method> <!-- alertJS -->
        <test-method is-config="true" signature="tearDown()[pri:0, instance:com.herokuapp.tests.AlertsTests@3d1cfad4]" started-at="2024-04-18T22:14:08 MESZ" name="tearDown" finished-at="2024-04-18T22:14:08 MESZ" duration-ms="351" status="PASS">
          <reporter-output>
          </reporter-output>
        </test-method> <!-- tearDown -->
        <test-method is-config="true" signature="init()[pri:0, instance:com.herokuapp.tests.AlertsTests@3d1cfad4]" started-at="2024-04-18T22:14:08 MESZ" name="init" finished-at="2024-04-18T22:14:12 MESZ" duration-ms="3621" status="PASS">
          <reporter-output>
          </reporter-output>
        </test-method> <!-- init -->
        <test-method is-config="true" signature="precondition()[pri:0, instance:com.herokuapp.tests.AlertsTests@3d1cfad4]" started-at="2024-04-18T22:14:12 MESZ" name="precondition" finished-at="2024-04-18T22:14:12 MESZ" duration-ms="419" status="PASS">
          <reporter-output>
          </reporter-output>
        </test-method> <!-- precondition -->
        <test-method signature="alertJSConfirm()[pri:0, instance:com.herokuapp.tests.AlertsTests@3d1cfad4]" started-at="2024-04-18T22:14:12 MESZ" name="alertJSConfirm" finished-at="2024-04-18T22:14:12 MESZ" duration-ms="193" status="PASS">
          <reporter-output>
          </reporter-output>
        </test-method> <!-- alertJSConfirm -->
        <test-method is-config="true" signature="tearDown()[pri:0, instance:com.herokuapp.tests.AlertsTests@3d1cfad4]" started-at="2024-04-18T22:14:12 MESZ" name="tearDown" finished-at="2024-04-18T22:14:12 MESZ" duration-ms="248" status="PASS">
          <reporter-output>
          </reporter-output>
        </test-method> <!-- tearDown -->
        <test-method is-config="true" signature="init()[pri:0, instance:com.herokuapp.tests.AlertsTests@3d1cfad4]" started-at="2024-04-18T22:14:12 MESZ" name="init" finished-at="2024-04-18T22:14:16 MESZ" duration-ms="3689" status="PASS">
          <reporter-output>
          </reporter-output>
        </test-method> <!-- init -->
        <test-method is-config="true" signature="precondition()[pri:0, instance:com.herokuapp.tests.AlertsTests@3d1cfad4]" started-at="2024-04-18T22:14:16 MESZ" name="precondition" finished-at="2024-04-18T22:14:17 MESZ" duration-ms="360" status="PASS">
          <reporter-output>
          </reporter-output>
        </test-method> <!-- precondition -->
        <test-method signature="alertJSPromt()[pri:0, instance:com.herokuapp.tests.AlertsTests@3d1cfad4]" started-at="2024-04-18T22:14:17 MESZ" name="alertJSPromt" finished-at="2024-04-18T22:14:17 MESZ" duration-ms="207" status="PASS">
          <reporter-output>
          </reporter-output>
        </test-method> <!-- alertJSPromt -->
        <test-method is-config="true" signature="tearDown()[pri:0, instance:com.herokuapp.tests.AlertsTests@3d1cfad4]" started-at="2024-04-18T22:14:17 MESZ" name="tearDown" finished-at="2024-04-18T22:14:17 MESZ" duration-ms="308" status="PASS">
          <reporter-output>
          </reporter-output>
        </test-method> <!-- tearDown -->
      </class> <!-- com.herokuapp.tests.AlertsTests -->
    </test> <!-- Nopackage -->
  </suite> <!-- Smoky -->
</testng-results>
